<?xml version="1.0" encoding="UTF-8"?>
<testng-results ignored="0" total="1" passed="1" failed="0" skipped="0">
  <reporter-output>
  </reporter-output>
  <suite started-at="2021-04-15T22:40:09 IST" name="Default suite" finished-at="2021-04-15T22:40:37 IST" duration-ms="28755">
    <groups>
    </groups>
    <test started-at="2021-04-15T22:40:09 IST" name="Default test" finished-at="2021-04-15T22:40:37 IST" duration-ms="28755">
      <class name="com.mindtree.runner.Application">
        <test-method is-config="true" signature="beforeSuite()[pri:0, instance:com.mindtree.runner.Application@2c35e847]" started-at="2021-04-15T22:40:03 IST" name="beforeSuite" finished-at="2021-04-15T22:40:09 IST" duration-ms="5114" status="PASS">
          <reporter-output>
          </reporter-output>
        </test-method> <!-- beforeSuite -->
        <test-method is-config="true" signature="beforeTest()[pri:0, instance:com.mindtree.runner.Application@2c35e847]" started-at="2021-04-15T22:40:09 IST" name="beforeTest" finished-at="2021-04-15T22:40:11 IST" duration-ms="2538" status="PASS">
          <reporter-output>
          </reporter-output>
        </test-method> <!-- beforeTest -->
        <test-method is-config="true" signature="beforeMethod(java.lang.reflect.Method)[pri:0, instance:com.mindtree.runner.Application@2c35e847]" started-at="2021-04-15T22:40:11 IST" name="beforeMethod" finished-at="2021-04-15T22:40:11 IST" duration-ms="8" status="PASS">
          <params>
            <param index="0">
              <value>
                <![CDATA[public void com.mindtree.runner.Application.addToCart()]]>
              </value>
            </param>
          </params>
          <reporter-output>
          </reporter-output>
        </test-method> <!-- beforeMethod -->
        <test-method signature="addToCart()[pri:3, instance:com.mindtree.runner.Application@2c35e847]" started-at="2021-04-15T22:40:11 IST" name="addToCart" finished-at="2021-04-15T22:40:36 IST" duration-ms="25271" status="PASS">
          <reporter-output>
          </reporter-output>
        </test-method> <!-- addToCart -->
        <test-method is-config="true" signature="afterMethod()[pri:0, instance:com.mindtree.runner.Application@2c35e847]" started-at="2021-04-15T22:40:36 IST" name="afterMethod" finished-at="2021-04-15T22:40:36 IST" duration-ms="4" status="PASS">
          <reporter-output>
          </reporter-output>
        </test-method> <!-- afterMethod -->
        <test-method is-config="true" signature="afterTest()[pri:0, instance:com.mindtree.runner.Application@2c35e847]" started-at="2021-04-15T22:40:36 IST" name="afterTest" finished-at="2021-04-15T22:40:37 IST" duration-ms="877" status="PASS">
          <reporter-output>
          </reporter-output>
        </test-method> <!-- afterTest -->
        <test-method is-config="true" signature="afterSuite()[pri:0, instance:com.mindtree.runner.Application@2c35e847]" started-at="2021-04-15T22:40:37 IST" name="afterSuite" finished-at="2021-04-15T22:40:38 IST" duration-ms="259" status="PASS">
          <reporter-output>
          </reporter-output>
        </test-method> <!-- afterSuite -->
      </class> <!-- com.mindtree.runner.Application -->
    </test> <!-- Default test -->
  </suite> <!-- Default suite -->
</testng-results>
